I, [2019-01-17T23:43:09.541341 #592]  INFO -- default-ubuntu: -----> Destroying <default-ubuntu>...
I, [2019-01-17T23:43:09.876863 #592]  INFO -- default-ubuntu: UID                 PID                 PPID                C                   STIME               TTY                 TIME                CMD
I, [2019-01-17T23:43:09.877234 #592]  INFO -- default-ubuntu: root                8309                8273                0                   17:19               ?                   00:00:03            /bin/systemd
I, [2019-01-17T23:43:09.877319 #592]  INFO -- default-ubuntu: message+            8758                8309                0                   17:19               ?                   00:00:00            /usr/bin/dbus-daemon --system --address=systemd: --nofork --nopidfile --systemd-activation --syslog-only
I, [2019-01-17T23:43:09.877411 #592]  INFO -- default-ubuntu: usbmux              26877               8309                0                   17:31               ?                   00:00:19            /usr/sbin/grafana-server --config=/etc/grafana/grafana.ini --pidfile=/var/run/grafana/grafana-server.pid --packaging=deb cfg:default.paths.logs=/var/log/grafana cfg:default.paths.data=/var/lib/grafana cfg:default.paths.plugins=/var/lib/grafana/plugins cfg:default.paths.provisioning=/etc/grafana/provisioning
I, [2019-01-17T23:43:09.877494 #592]  INFO -- default-ubuntu: root                8756                8309                0                   17:19               ?                   00:00:00            /usr/bin/python3 /usr/bin/networkd-dispatcher --run-startup-triggers
I, [2019-01-17T23:43:09.877554 #592]  INFO -- default-ubuntu: root                26858               8309                0                   17:31               ?                   00:00:00            nginx: master process /usr/sbin/nginx -g daemon on; master_process on;
I, [2019-01-17T23:43:09.877629 #592]  INFO -- default-ubuntu: www-data            26859               26858               0                   17:31               ?                   00:00:00            nginx: worker process
I, [2019-01-17T23:43:09.877877 #592]  INFO -- default-ubuntu: www-data            26860               26858               0                   17:31               ?                   00:00:00            nginx: worker process
I, [2019-01-17T23:43:09.878452 #592]  INFO -- default-ubuntu: www-data            26861               26858               0                   17:31               ?                   00:00:00            nginx: worker process
I, [2019-01-17T23:43:09.878547 #592]  INFO -- default-ubuntu: www-data            26862               26858               0                   17:31               ?                   00:00:00            nginx: worker process
I, [2019-01-17T23:43:09.878631 #592]  INFO -- default-ubuntu: www-data            26863               26858               0                   17:31               ?                   00:00:00            nginx: worker process
I, [2019-01-17T23:43:09.878714 #592]  INFO -- default-ubuntu: www-data            26864               26858               0                   17:31               ?                   00:00:00            nginx: worker process
I, [2019-01-17T23:43:09.878797 #592]  INFO -- default-ubuntu: www-data            26865               26858               0                   17:31               ?                   00:00:00            nginx: worker process
I, [2019-01-17T23:43:09.878869 #592]  INFO -- default-ubuntu: www-data            26866               26858               0                   17:31               ?                   00:00:00            nginx: worker process
I, [2019-01-17T23:43:09.878952 #592]  INFO -- default-ubuntu: avahi-a+            26830               8309                1                   17:31               ?                   00:04:06            /usr/bin/prometheus-node-exporter --collector.diskstats.ignored-devices=^(ram|loop|fd|(h|s|v|xv)d[a-z]|nvmed+nd+p)d+$ --collector.filesystem.ignored-mount-points=^/(sys|proc|dev|run)($|/) --collector.netdev.ignored-devices=^lo$ --collector.textfile.directory=/var/lib/prometheus/node-exporter
I, [2019-01-17T23:43:09.879061 #592]  INFO -- default-ubuntu: avahi-a+            26843               8309                0                   17:31               ?                   00:00:00            /usr/bin/prometheus-postgres-exporter
I, [2019-01-17T23:43:09.879147 #592]  INFO -- default-ubuntu: avahi-a+            26809               8309                1                   17:31               ?                   00:03:59            /usr/bin/prometheus
I, [2019-01-17T23:43:09.879314 #592]  INFO -- default-ubuntu: root                24013               8309                0                   17:29               ?                   00:00:03            /usr/bin/python2.7 /usr/bin/salt-master
I, [2019-01-17T23:43:09.879408 #592]  INFO -- default-ubuntu: root                24016               24013               0                   17:29               ?                   00:00:00            /usr/bin/python2.7 /usr/bin/salt-master
I, [2019-01-17T23:43:09.879497 #592]  INFO -- default-ubuntu: root                24022               24013               0                   17:30               ?                   00:00:00            /usr/bin/python2.7 /usr/bin/salt-master
I, [2019-01-17T23:43:09.879617 #592]  INFO -- default-ubuntu: root                24023               24013               0                   17:30               ?                   00:00:00            /usr/bin/python2.7 /usr/bin/salt-master
I, [2019-01-17T23:43:09.879717 #592]  INFO -- default-ubuntu: root                24026               24013               1                   17:30               ?                   00:04:46            /usr/bin/python2.7 /usr/bin/salt-master
I, [2019-01-17T23:43:09.879816 #592]  INFO -- default-ubuntu: root                24027               24013               0                   17:30               ?                   00:00:02            /usr/bin/python2.7 /usr/bin/salt-master
I, [2019-01-17T23:43:09.879908 #592]  INFO -- default-ubuntu: root                24028               24027               0                   17:30               ?                   00:00:00            /usr/bin/python2.7 /usr/bin/salt-master
I, [2019-01-17T23:43:09.879998 #592]  INFO -- default-ubuntu: root                24029               24027               0                   17:30               ?                   00:00:03            /usr/bin/python2.7 /usr/bin/salt-master
I, [2019-01-17T23:43:09.880088 #592]  INFO -- default-ubuntu: root                24036               24027               0                   17:30               ?                   00:00:04            /usr/bin/python2.7 /usr/bin/salt-master
I, [2019-01-17T23:43:09.881100 #592]  INFO -- default-ubuntu: root                24037               24027               0                   17:30               ?                   00:00:04            /usr/bin/python2.7 /usr/bin/salt-master
I, [2019-01-17T23:43:09.881176 #592]  INFO -- default-ubuntu: root                24038               24027               0                   17:30               ?                   00:00:04            /usr/bin/python2.7 /usr/bin/salt-master
I, [2019-01-17T23:43:09.881250 #592]  INFO -- default-ubuntu: root                24039               24027               0                   17:30               ?                   00:00:03            /usr/bin/python2.7 /usr/bin/salt-master
I, [2019-01-17T23:43:09.881320 #592]  INFO -- default-ubuntu: root                24040               24013               0                   17:30               ?                   00:00:48            /usr/bin/python2.7 /usr/bin/salt-master
I, [2019-01-17T23:43:09.881468 #592]  INFO -- default-ubuntu: root                32402               8309                0                   17:53               ?                   00:00:00            /usr/bin/python2.7 /usr/bin/salt-minion
I, [2019-01-17T23:43:09.881539 #592]  INFO -- default-ubuntu: root                32405               32402               0                   17:53               ?                   00:01:00            /usr/bin/python2.7 /usr/bin/salt-minion
I, [2019-01-17T23:43:09.881621 #592]  INFO -- default-ubuntu: root                32408               32405               0                   17:53               ?                   00:00:00            /usr/bin/python2.7 /usr/bin/salt-minion
I, [2019-01-17T23:43:09.881720 #592]  INFO -- default-ubuntu: root                8759                8309                0                   17:19               ?                   00:00:00            /usr/sbin/sshd -D
I, [2019-01-17T23:43:09.881792 #592]  INFO -- default-ubuntu: root                8769                8309                0                   17:19               tty1                00:00:00            /sbin/agetty -o -p -- \u --noclear tty1 linux
I, [2019-01-17T23:43:09.881919 #592]  INFO -- default-ubuntu: root                8725                8309                0                   17:19               ?                   00:00:01            /lib/systemd/systemd-journald
I, [2019-01-17T23:43:09.882119 #592]  INFO -- default-ubuntu: root                8755                8309                0                   17:19               ?                   00:00:00            /lib/systemd/systemd-logind
I, [2019-01-17T23:43:09.882293 #592]  INFO -- default-ubuntu: syslog              8739                8309                0                   17:19               ?                   00:00:00            /lib/systemd/systemd-resolved
I, [2019-01-17T23:43:09.882489 #592]  INFO -- default-ubuntu: root                10652               8309                0                   17:20               ?                   00:00:00            /usr/bin/python3 /usr/share/unattended-upgrades/unattended-upgrade-shutdown --wait-for-signal
I, [2019-01-17T23:43:13.404298 #592]  INFO -- default-ubuntu: 3b06817d440f2cee2c712e446d007e2fa85aa88536efc725b071ac8aee454e10
I, [2019-01-17T23:43:16.905201 #592]  INFO -- default-ubuntu: 3b06817d440f2cee2c712e446d007e2fa85aa88536efc725b071ac8aee454e10
I, [2019-01-17T23:43:16.910901 #592]  INFO -- default-ubuntu: Finished destroying <default-ubuntu> (0m7.37s).
